<?xml version="1.0" encoding="UTF-8"?>
<!-- Generated by org.testng.reporters.JUnitXMLReporter -->
<testsuite ignored="0" hostname="LAPTOP-U2N6T7R7" failures="0" tests="9" name="classes" time="0.104" errors="0" timestamp="05 Apr 2024 07:41:56 GMT">
  <testcase classname="org.parallelexecution.A" name="tc1" time="0.016"/>
  <testcase classname="org.parallelexecution.A" name="tc2" time="0.0"/>
  <testcase classname="org.parallelexecution.A" name="tc3" time="0.002"/>
  <testcase classname="org.parallelexecution.B" name="tc11" time="0.003"/>
  <testcase classname="org.parallelexecution.B" name="tc22" time="0.0"/>
  <testcase classname="org.parallelexecution.B" name="tc33" time="0.0"/>
  <testcase classname="org.parallelexecution.C" name="tc111" time="0.0"/>
  <testcase classname="org.parallelexecution.C" name="tc222" time="0.0"/>
  <testcase classname="org.parallelexecution.C" name="tc333" time="0.0"/>
</testsuite> <!-- classes -->
