<?xml version="1.0" encoding="UTF-8"?>
<!-- Generated by org.testng.reporters.JUnitXMLReporter -->
<testsuite ignored="0" hostname="LAPTOP-U2N6T7R7" failures="0" tests="9" name="Class" time="0.103" errors="0" timestamp="06 Apr 2024 05:00:13 GMT">
  <testcase classname="org.parallelexecution.A" name="tc1" time="0.023"/>
  <testcase classname="org.parallelexecution.B" name="tc22" time="0.023"/>
  <testcase classname="org.parallelexecution.B" name="tc11" time="0.023"/>
  <testcase classname="org.parallelexecution.A" name="tc2" time="0.023"/>
  <testcase classname="org.parallelexecution.A" name="tc3" time="0.023"/>
  <testcase classname="org.parallelexecution.C" name="tc333" time="0.003"/>
  <testcase classname="org.parallelexecution.C" name="tc222" time="0.005"/>
  <testcase classname="org.parallelexecution.C" name="tc111" time="0.007"/>
  <testcase classname="org.parallelexecution.B" name="tc33" time="0.008"/>
</testsuite> <!-- Class -->
