<?xml version="1.0" encoding="UTF-8"?>
<!-- Generated by org.testng.reporters.JUnitXMLReporter -->
<testsuite ignored="0" hostname="LAPTOP-U2N6T7R7" failures="2" tests="15" name="Test" time="0.151" errors="0" timestamp="08 Apr 2024 07:43:32 GMT">
  <testcase classname="org.rerun.AutomationReRunMethod2" name="tc1" time="0.018"/>
  <testcase classname="org.rerun.AutomationReRunMethod2" name="tc2" time="0.0">
    <skipped/>
  </testcase> <!-- tc2 -->
  <testcase classname="org.rerun.AutomationReRunMethod2" name="tc2" time="0.001">
    <skipped/>
  </testcase> <!-- tc2 -->
  <testcase classname="org.rerun.AutomationReRunMethod2" name="tc2" time="0.0">
    <skipped/>
  </testcase> <!-- tc2 -->
  <testcase classname="org.rerun.AutomationReRunMethod2" name="tc2" time="0.0">
    <skipped/>
  </testcase> <!-- tc2 -->
  <testcase classname="org.rerun.AutomationReRunMethod2" name="tc2" time="0.0">
    <skipped/>
  </testcase> <!-- tc2 -->
  <testcase classname="org.rerun.AutomationReRunMethod2" name="tc2" time="0.0">
    <failure type="java.lang.AssertionError" message="expected [true] but found [false]">
      <![CDATA[java.lang.AssertionError: expected [true] but found [false]
at org.rerun.AutomationReRunMethod2.tc2(AutomationReRunMethod2.java:36)
... Removed 29 stack frames]]>
    </failure>
  </testcase> <!-- tc2 -->
  <testcase classname="org.rerun.AutomationReRunMethod2" name="tc3" time="0.0"/>
  <testcase classname="org.rerun.AutomationReRunMethod2" name="tc4" time="0.002">
    <skipped/>
  </testcase> <!-- tc4 -->
  <testcase classname="org.rerun.AutomationReRunMethod2" name="tc4" time="0.005">
    <skipped/>
  </testcase> <!-- tc4 -->
  <testcase classname="org.rerun.AutomationReRunMethod2" name="tc4" time="0.0">
    <skipped/>
  </testcase> <!-- tc4 -->
  <testcase classname="org.rerun.AutomationReRunMethod2" name="tc4" time="0.0">
    <skipped/>
  </testcase> <!-- tc4 -->
  <testcase classname="org.rerun.AutomationReRunMethod2" name="tc4" time="0.0">
    <skipped/>
  </testcase> <!-- tc4 -->
  <testcase classname="org.rerun.AutomationReRunMethod2" name="tc4" time="0.006">
    <failure type="java.lang.AssertionError" message="expected [true] but found [false]">
      <![CDATA[java.lang.AssertionError: expected [true] but found [false]
at org.rerun.AutomationReRunMethod2.tc4(AutomationReRunMethod2.java:29)
... Removed 29 stack frames]]>
    </failure>
  </testcase> <!-- tc4 -->
  <testcase classname="org.rerun.AutomationReRunMethod2" name="tc5" time="0.0"/>
</testsuite> <!-- Test -->
