<?xml version="1.0" encoding="UTF-8"?>
<!-- Generated by org.testng.reporters.JUnitXMLReporter -->
<testsuite ignored="4" hostname="LAPTOP-U2N6T7R7" failures="1" tests="1" name="Default test(failed)(failed)(failed)" time="0.062" errors="0" timestamp="08 Apr 2024 07:26:41 GMT">
  <testcase classname="org.rerun.ManualRerun" name="tc4" time="0.015">
    <failure type="java.lang.AssertionError" message="expected [true] but found [false]">
      <![CDATA[java.lang.AssertionError: expected [true] but found [false]
at org.rerun.ManualRerun.tc4(ManualRerun.java:29)
... Removed 29 stack frames]]>
    </failure>
  </testcase> <!-- tc4 -->
  <testcase classname="org.rerun.ManualRerun" name="tc3" time="0.0">
    <ignored/>
  </testcase> <!-- tc3 -->
  <testcase classname="org.rerun.ManualRerun" name="tc5" time="0.0">
    <ignored/>
  </testcase> <!-- tc5 -->
  <testcase classname="org.rerun.ManualRerun" name="tc2" time="0.0">
    <ignored/>
  </testcase> <!-- tc2 -->
  <testcase classname="org.rerun.ManualRerun" name="tc1" time="0.0">
    <ignored/>
  </testcase> <!-- tc1 -->
</testsuite> <!-- Default test(failed)(failed)(failed) -->
